Script de loteria rodado no dia: 01/03/17
Data errada, não realizar sorteio.
Concluindo log.
-------------------------
Script de loteria rodado no dia: 01/03/17
Data errada, não realizar sorteio.
Concluindo log.
-------------------------
Script de loteria rodado no dia: 01/03/17
Sorteio realizado, todos os tickets estão não sorteáveis, aplicar nova data de sorteio.
Concluindo log.
-------------------------
Script de loteria rodado no dia: 01/03/17
Data errada, não realizar sorteio.
Concluindo log.
-------------------------
Script de loteria rodado no dia: 01/03/17
Sorteio realizado, todos os tickets estão não sorteáveis, aplicar nova data de sorteio.
Concluindo log.
-------------------------
Script de loteria rodado no dia: 01/03/17
Sorteio realizado, todos os tickets estão não sorteáveis, aplicar nova data de sorteio.
Concluindo log.
-------------------------
Script de loteria rodado no dia: 01/03/17
Sorteio realizado, todos os tickets estão não sorteáveis, aplicar nova data de sorteio.
Concluindo log.
-------------------------
Script de loteria rodado no dia: 01/03/17
Sorteio realizado, todos os tickets estão não sorteáveis, aplicar nova data de sorteio.
Concluindo log.
-------------------------
Script de loteria rodado no dia: 01/03/17
Sorteio realizado, todos os tickets estão não sorteáveis, aplicar nova data de sorteio.
Concluindo log.
-------------------------
